<?xml version="1.0" encoding="UTF-8"?>
<!-- Generated by org.testng.reporters.JUnitReportReporter -->
<testsuite hostname="DESKTOP-64E7PEM" failures="0" tests="1" name="TestCases.VerifyAddToCart" time="10.739" errors="0" timestamp="09 Nov 2023 06:29:53 GMT" skipped="0">
  <testcase classname="TestCases.VerifyAddToCart" name="addProdcutToCart" time="10.739"/>
</testsuite> <!-- TestCases.VerifyAddToCart -->
